<?xml version="1.0" encoding="UTF-8"?>
<!-- Generated by org.testng.reporters.JUnitReportReporter -->
<testsuite hostname="DESKTOP-4VAC9R9" failures="0" tests="2" name="extentReport.ExtentReport1" time="12.094" errors="0" timestamp="2020-04-08T12:44:55 IST" skipped="0">
  <testcase classname="extentReport.ExtentReport1" name="extentReportsDemo" time="2.354"/>
  <system-out/>
  <testcase classname="extentReport.ExtentReport1" name="search_item" time="9.740"/>
  <system-out/>
</testsuite> <!-- extentReport.ExtentReport1 -->
