<?xml version="1.0" encoding="UTF-8"?>
<!-- Generated by org.testng.reporters.JUnitReportReporter -->
<testsuite hostname="DESKTOP-4VAC9R9" failures="0" tests="2" name="amazon.Chromedriver" time="22.612" errors="0" timestamp="2020-03-24T00:45:27 IST" skipped="0">
  <testcase classname="amazon.Chromedriver" name="search" time="9.640"/>
  <system-out/>
  <testcase classname="amazon.Chromedriver" name="login" time="12.972"/>
  <system-out/>
</testsuite> <!-- amazon.Chromedriver -->
