<?xml version="1.0" encoding="UTF-8"?>
<!-- Generated by org.testng.reporters.JUnitReportReporter -->
<testsuite hostname="DESKTOP-4VAC9R9" failures="0" tests="2" name="amazon.Chromedriver" time="184.131" errors="0" timestamp="2020-04-12T21:31:31 IST" skipped="1">
  <testcase classname="amazon.Chromedriver" name="login" time="184.131"/>
  <system-out/>
  <testcase classname="amazon.Chromedriver" name="search">
    <skipped/>
  </testcase> <!-- search -->
  <system-out/>
</testsuite> <!-- amazon.Chromedriver -->
