<?xml version="1.0" encoding="UTF-8"?>
<!-- Generated by org.testng.reporters.JUnitReportReporter -->
<testsuite hostname="DESKTOP-4VAC9R9" failures="0" tests="1" name="amazon.Firefoxdriver" time="8.227" errors="0" timestamp="2020-04-12T19:50:58 IST" skipped="0">
  <testcase classname="amazon.Firefoxdriver" name="search" time="8.227"/>
  <system-out/>
</testsuite> <!-- amazon.Firefoxdriver -->
