<?xml version="1.0" encoding="UTF-8"?>
<!-- Generated by org.testng.reporters.JUnitReportReporter -->
<testsuite hostname="DESKTOP-4VAC9R9" failures="0" tests="2" name="amazon.Chromedriver" time="19.544" errors="0" timestamp="2020-03-24T14:06:18 IST" skipped="0">
  <testcase classname="amazon.Chromedriver" name="login" time="10.153"/>
  <system-out/>
  <testcase classname="amazon.Chromedriver" name="search" time="9.391"/>
  <system-out/>
</testsuite> <!-- amazon.Chromedriver -->
