<?xml version="1.0" encoding="UTF-8"?>
<!-- Generated by org.testng.reporters.JUnitReportReporter -->
<testsuite hostname="DESKTOP-4VAC9R9" failures="0" tests="1" name="amazon.Firefoxdriver" time="6.745" errors="0" timestamp="2020-04-12T21:58:07 IST" skipped="0">
  <testcase classname="amazon.Firefoxdriver" name="search" time="6.745"/>
  <system-out/>
</testsuite> <!-- amazon.Firefoxdriver -->
