<?xml version="1.0" encoding="UTF-8"?>
<!-- Generated by org.testng.reporters.JUnitReportReporter -->
<testsuite hostname="DESKTOP-4VAC9R9" failures="0" tests="1" name="amazon.Chromedriver" time="10.918" errors="0" timestamp="2020-03-23T22:04:38 IST" skipped="0">
  <testcase classname="amazon.Chromedriver" name="login" time="10.918"/>
  <system-out/>
</testsuite> <!-- amazon.Chromedriver -->
